May-11 16:07:23.358 [main] DEBUG nextflow.cli.Launcher - $> nextflow run main.nf --with-docker
May-11 16:07:23.480 [main] DEBUG nextflow.cli.CmdRun - N E X T F L O W  ~  version 26.04.0
May-11 16:07:23.514 [main] DEBUG nextflow.plugin.PluginsFacade - Setting up plugin manager > mode=prod; embedded=false; plugins-dir=/home/pc/.nextflow/plugins; core-plugins: nf-amazon@3.9.0,nf-azure@1.22.2,nf-cloudcache@0.6.0,nf-codecommit@0.5.1,nf-console@1.3.0,nf-google@1.27.2,nf-k8s@1.5.2,nf-seqera@0.19.0,nf-tower@1.27.0,nf-wave@1.20.0
May-11 16:07:23.542 [main] INFO  o.pf4j.DefaultPluginStatusProvider - Enabled plugins: []
May-11 16:07:23.543 [main] INFO  o.pf4j.DefaultPluginStatusProvider - Disabled plugins: []
May-11 16:07:23.548 [main] INFO  org.pf4j.DefaultPluginManager - PF4J version 3.14.1 in 'deployment' mode
May-11 16:07:23.573 [main] DEBUG nextflow.util.RetryConfig - Missing nextflow session - using default retry config
May-11 16:07:23.749 [main] DEBUG nextflow.plugin.PluginUpdater - Using plugin repository: HttpPluginRepository [registry]; url=https://registry.nextflow.io/api
May-11 16:07:23.757 [main] INFO  org.pf4j.AbstractPluginManager - No plugins
May-11 16:07:23.808 [main] DEBUG nextflow.config.ConfigBuilder - Found config local: /home/pc/variant-calling-pipeline/nextflow.config
May-11 16:07:23.814 [main] DEBUG nextflow.config.ConfigBuilder - Parsing config file: /home/pc/variant-calling-pipeline/nextflow.config
May-11 16:07:23.820 [main] DEBUG nextflow.config.ConfigParserFactory - Using config parser v2
May-11 16:07:23.852 [main] DEBUG nextflow.config.ConfigBuilder - Applying config profile: `standard`
May-11 16:07:24.345 [main] DEBUG nextflow.plugin.PluginsFacade - Plugins default=[]
May-11 16:07:24.346 [main] DEBUG nextflow.plugin.PluginsFacade - Plugins resolved requirement=[]
May-11 16:07:24.373 [main] DEBUG n.secret.LocalSecretsProvider - Secrets store: /home/pc/.nextflow/secrets/store.json
May-11 16:07:24.380 [main] DEBUG nextflow.secret.SecretsLoader - Discovered secrets providers: [nextflow.secret.LocalSecretsProvider@fc807c1] - activable => nextflow.secret.LocalSecretsProvider@fc807c1
May-11 16:07:24.408 [main] DEBUG nextflow.cli.CmdRun - Launching `main.nf` [chaotic_wright] - revision: 710d045be4
May-11 16:07:24.655 [main] DEBUG nextflow.Session - Session UUID: 88ead5e8-89f2-4fa2-973f-d8ede449d9ee
May-11 16:07:24.656 [main] DEBUG nextflow.Session - Run name: chaotic_wright
May-11 16:07:24.656 [main] DEBUG nextflow.Session - Executor pool size: 8
May-11 16:07:24.670 [main] DEBUG nextflow.file.FilePorter - File porter settings maxRetries=3; maxTransfers=50; pollTimeout=null
May-11 16:07:24.682 [main] DEBUG nextflow.util.ThreadPoolBuilder - Creating thread pool 'FileTransfer' minSize=10; maxSize=24; workQueue=LinkedBlockingQueue[-1]; allowCoreThreadTimeout=false
May-11 16:07:24.720 [main] DEBUG nextflow.cli.CmdRun - 
  Version: 26.04.0 build 12031
  Created: 29-04-2026 04:00 UTC (06:00 CEST)
  System: Linux 6.6.114.1-microsoft-standard-WSL2
  Runtime: Groovy 4.0.31 on OpenJDK 64-Bit Server VM 17.0.18+8-Ubuntu-1
  Encoding: UTF-8 (UTF-8)
  Process: 4096@DESKTOP-2RBAGI7 [127.0.1.1]
  CPUs: 8 - Mem: 7.6 GB (5.7 GB) - Swap: 2 GB (2 GB)
May-11 16:07:24.764 [main] DEBUG nextflow.Session - Work-dir: /home/pc/variant-calling-pipeline/work [ext2/ext3]
May-11 16:07:24.765 [main] DEBUG nextflow.Session - Script base path does not exist or is not a directory: /home/pc/variant-calling-pipeline/bin
May-11 16:07:24.780 [main] DEBUG nextflow.executor.ExecutorFactory - Extension executors providers=[]
May-11 16:07:24.801 [main] DEBUG nextflow.Session - Observer factory (v2): LinObserverFactory
May-11 16:07:24.806 [main] DEBUG nextflow.Session - Observer factory (v2): DefaultObserverFactory
May-11 16:07:24.870 [main] DEBUG nextflow.cache.CacheFactory - Using Nextflow cache factory: nextflow.cache.DefaultCacheFactory
May-11 16:07:24.890 [main] DEBUG nextflow.util.CustomThreadPool - Creating default thread pool > poolSize: 9; maxThreads: 1000
May-11 16:07:24.992 [main] DEBUG nextflow.Session - Session start
May-11 16:07:25.001 [main] DEBUG nextflow.script.ScriptLoaderFactory - Using script parser v2
May-11 16:07:25.421 [main] DEBUG nextflow.script.ScriptRunner - > Launching execution
May-11 16:07:25.617 [main] DEBUG nextflow.executor.ExecutorFactory - << taskConfig executor: null
May-11 16:07:25.617 [main] DEBUG nextflow.executor.ExecutorFactory - >> processorType: 'local'
May-11 16:07:25.628 [main] DEBUG nextflow.executor.Executor - [warm up] executor > local
May-11 16:07:25.638 [main] DEBUG n.processor.LocalPollingMonitor - Creating local task monitor for executor 'local' > cpus=8; memory=7.6 GB; capacity=8; pollInterval=100ms; dumpInterval=5m
May-11 16:07:25.643 [main] DEBUG n.processor.TaskPollingMonitor - >>> barrier register (monitor: local)
May-11 16:07:25.695 [main] DEBUG nextflow.processor.TaskProcessor - Creating process 'FASTQC': maxForks=0; fair=false; array=0
May-11 16:07:25.799 [main] DEBUG nextflow.executor.ExecutorFactory - << taskConfig executor: null
May-11 16:07:25.800 [main] DEBUG nextflow.executor.ExecutorFactory - >> processorType: 'local'
May-11 16:07:25.802 [main] DEBUG nextflow.processor.TaskProcessor - Creating process 'ALIGN': maxForks=0; fair=false; array=0
May-11 16:07:25.811 [main] DEBUG nextflow.executor.ExecutorFactory - << taskConfig executor: null
May-11 16:07:25.811 [main] DEBUG nextflow.executor.ExecutorFactory - >> processorType: 'local'
May-11 16:07:25.813 [main] DEBUG nextflow.processor.TaskProcessor - Creating process 'SORT_BAM': maxForks=0; fair=false; array=0
May-11 16:07:25.821 [main] DEBUG nextflow.executor.ExecutorFactory - << taskConfig executor: null
May-11 16:07:25.821 [main] DEBUG nextflow.executor.ExecutorFactory - >> processorType: 'local'
May-11 16:07:25.823 [main] DEBUG nextflow.processor.TaskProcessor - Creating process 'VARIANT_CALL': maxForks=0; fair=false; array=0
May-11 16:07:25.829 [main] DEBUG nextflow.Session - Process names: FASTQC, ALIGN, VARIANT_CALL, SORT_BAM
May-11 16:07:25.834 [main] DEBUG nextflow.Session - Igniting dataflow network (6)
May-11 16:07:25.844 [main] DEBUG nextflow.processor.TaskProcessor - Starting process > FASTQC
May-11 16:07:25.845 [PathVisitor-1] DEBUG nextflow.file.PathVisitor - files for syntax: glob; folder: data/; pattern: *.fastq.gz; options: [:]
May-11 16:07:25.846 [main] DEBUG nextflow.processor.TaskProcessor - Starting process > ALIGN
May-11 16:07:25.846 [main] DEBUG nextflow.processor.TaskProcessor - Starting process > SORT_BAM
May-11 16:07:25.847 [main] DEBUG nextflow.processor.TaskProcessor - Starting process > VARIANT_CALL
May-11 16:07:25.849 [main] DEBUG nextflow.script.ScriptRunner - Parsed script files:
  Main: /home/pc/variant-calling-pipeline/main.nf
May-11 16:07:25.850 [main] DEBUG nextflow.script.ScriptRunner - > Awaiting termination 
May-11 16:07:25.850 [main] DEBUG nextflow.Session - Session await
May-11 16:07:26.174 [Task submitter] DEBUG n.executor.local.LocalTaskHandler - Launch cmd line: /bin/bash -ue .command.run
May-11 16:07:26.179 [Task submitter] INFO  nextflow.Session - [14/d92bc6] Submitted process > FASTQC (1)
May-11 16:07:26.199 [Task submitter] DEBUG n.executor.local.LocalTaskHandler - Launch cmd line: /bin/bash -ue .command.run
May-11 16:07:26.201 [Task submitter] INFO  nextflow.Session - [c9/4b3c4a] Submitted process > ALIGN (1)
May-11 16:07:27.357 [Task monitor] DEBUG n.processor.TaskPollingMonitor - Task completed > TaskHandler[id: 2; name: ALIGN (1); status: COMPLETED; exit: 0; error: -; workDir: /home/pc/variant-calling-pipeline/work/c9/4b3c4aab2a9197dcfd6ee13ca1f8ca]
May-11 16:07:27.359 [Task monitor] DEBUG nextflow.util.ThreadPoolBuilder - Creating thread pool 'TaskFinalizer' minSize=10; maxSize=24; workQueue=LinkedBlockingQueue[-1]; allowCoreThreadTimeout=false
May-11 16:07:27.454 [Task submitter] DEBUG n.executor.local.LocalTaskHandler - Launch cmd line: /bin/bash -ue .command.run
May-11 16:07:27.455 [Task submitter] INFO  nextflow.Session - [80/f3be3e] Submitted process > SORT_BAM (1)
May-11 16:07:28.384 [Task monitor] DEBUG n.processor.TaskPollingMonitor - Task completed > TaskHandler[id: 3; name: SORT_BAM (1); status: COMPLETED; exit: 0; error: -; workDir: /home/pc/variant-calling-pipeline/work/80/f3be3ea8b886ec230d3be5e0314023]
May-11 16:07:28.423 [Task submitter] DEBUG n.executor.local.LocalTaskHandler - Launch cmd line: /bin/bash -ue .command.run
May-11 16:07:28.425 [Task submitter] INFO  nextflow.Session - [53/95781d] Submitted process > VARIANT_CALL (1)
May-11 16:07:29.285 [Task monitor] DEBUG n.processor.TaskPollingMonitor - Task completed > TaskHandler[id: 4; name: VARIANT_CALL (1); status: COMPLETED; exit: 0; error: -; workDir: /home/pc/variant-calling-pipeline/work/53/95781d194c10712ae3893280947423]
May-11 16:07:29.509 [Task monitor] DEBUG n.processor.TaskPollingMonitor - Task completed > TaskHandler[id: 1; name: FASTQC (1); status: COMPLETED; exit: 0; error: -; workDir: /home/pc/variant-calling-pipeline/work/14/d92bc600482ace98ce346b7ad09052]
May-11 16:07:29.518 [main] DEBUG nextflow.Session - Session await > all processes finished
May-11 16:07:29.610 [Task monitor] DEBUG n.processor.TaskPollingMonitor - <<< barrier arrives (monitor: local) - terminating tasks monitor poll loop
May-11 16:07:29.610 [main] DEBUG nextflow.Session - Session await > all barriers passed
May-11 16:07:29.613 [main] DEBUG nextflow.util.ThreadPoolManager - Thread pool 'TaskFinalizer' shutdown completed (hard=false)
May-11 16:07:29.623 [main] DEBUG n.trace.WorkflowStatsObserver - Workflow completed > WorkflowStats[succeededCount=4; failedCount=0; ignoredCount=0; cachedCount=0; pendingCount=0; submittedCount=0; runningCount=0; retriesCount=0; abortedCount=0; succeedDuration=6s; failedDuration=0ms; cachedDuration=0ms;loadCpus=0; loadMemory=0; peakRunning=2; peakCpus=2; peakMemory=0; ]
May-11 16:07:29.710 [main] DEBUG nextflow.cache.CacheDB - Closing CacheDB done
May-11 16:07:29.723 [main] DEBUG nextflow.util.ThreadPoolManager - Thread pool 'FileTransfer' shutdown completed (hard=false)
May-11 16:07:29.724 [main] DEBUG nextflow.script.ScriptRunner - > Execution complete -- Goodbye
